--------------------------------------------------------------
KEPBLS --  infile=data/kplr006922244-2010078095331_llc.fits outfile=data/kplr006922244-2010078095331_llc-kepbls.fits datacol=PDCSAP_FLUX errcol=PDCSAP_FLUX_ERR minper=1 maxper=10 mindur=0.5 maxdur=12 nsearch=1000 nbins=1000 plot=False overwrite=False verbose=False logfile=kepbls.log

--------------------------------------------------------------
KEPBLS --  infile=data/kplr006922244-2010078095331_llc.fits outfile=data/kplr006922244-2010078095331_llc-kepbls.fits datacol=DETSAP_FLUX errcol=DETSAP_FLUX_ERR minper=1.0 maxper=30.0 mindur=0.5 maxdur=12.0 nsearch=1000 nbins=1000 plot=False overwrite=True verbose=False logfile=kepbls.log

--------------------------------------------------------------
KEPBLS --  infile=data/kplr006922244-2010078095331_llc-kepflatten.fits outfile=data/kplr006922244-2010078095331_llc-kepflatten-kepbls.fits datacol=DETSAP_FLUX errcol=DETSAP_FLUX_ERR minper=1.0 maxper=30.0 mindur=0.5 maxdur=12.0 nsearch=1000 nbins=1000 plot=False overwrite=True verbose=False logfile=kepbls.log

--------------------------------------------------------------
KEPBLS --  infile=data/kplr006922244-2010078095331_llc-kepflatten.fits outfile=data/kplr006922244-2010078095331_llc-kepflatten-kepbls.fits datacol=DETSAP_FLUX errcol=DETSAP_FLUX_ERR minper=2.0 maxper=4.0 mindur=0.5 maxdur=12.0 nsearch=1000 nbins=1000 plot=False overwrite=True verbose=True logfile=kepbls.log

KEPBLS started at: Fri Oct 13 21:59:49 2017
--------------------------------------------------------------
KEPBLS --  infile=data/kplr006922244-2010078095331_llc-kepflatten.fits outfile=data/kplr006922244-2010078095331_llc-kepflatten-kepbls.fits datacol=DETSAP_FLUX errcol=DETSAP_FLUX_ERR minper=2.0 maxper=4.0 mindur=0.5 maxdur=12.0 nsearch=1000 nbins=1000 plot=False overwrite=True verbose=True logfile=kepbls.log

KEPBLS started at: Sat Oct 14 17:37:45 2017
--------------------------------------------------------------
KEPBLS --  infile=data/kplr006922244-2010078095331_llc-kepflatten.fits outfile=data/kplr006922244-2010078095331_llc-kepflatten-kepbls.fits datacol=DETSAP_FLUX errcol=DETSAP_FLUX_ERR minper=2.0 maxper=4.0 mindur=0.5 maxdur=12.0 nsearch=1000 nbins=1000 plot=False overwrite=True verbose=True logfile=kepbls.log

KEPBLS started at: Sat Oct 14 17:40:28 2017
--------------------------------------------------------------
KEPBLS --  infile=data/kplr006922244-2010078095331_llc-kepflatten.fits outfile=data/kplr006922244-2010078095331_llc-kepflatten-kepbls.fits datacol=DETSAP_FLUX errcol=DETSAP_FLUX_ERR minper=2.0 maxper=4.0 mindur=0.5 maxdur=12.0 nsearch=1000 nbins=1000 plot=False overwrite=False verbose=False logfile=kepbls.log

--------------------------------------------------------------
KEPBLS --  infile=data/kplr006922244-2010078095331_llc-kepflatten.fits outfile=data/kplr006922244-2010078095331_llc-kepflatten-kepbls.fits datacol=DETSAP_FLUX errcol=DETSAP_FLUX_ERR minper=2.0 maxper=4.0 mindur=0.5 maxdur=12.0 nsearch=1000 nbins=1000 plot=False overwrite=False verbose=False logfile=kepbls.log

--------------------------------------------------------------
KEPBLS --  infile=data/kplr006922244-2010078095331_llc-kepflatten.fits outfile=data/kplr006922244-2010078095331_llc-kepflatten-kepbls.fits datacol=DETSAP_FLUX errcol=DETSAP_FLUX_ERR minper=2.0 maxper=4.0 mindur=0.5 maxdur=12.0 nsearch=1000 nbins=1000 plot=False overwrite=False verbose=False logfile=kepbls.log

