--------------------------------------------------------------
KEPFOLD --  infile=data/kplr006922244-2010078095331_llc.fits outfile=data/kplr006922244-2010078095331_llc-kepfold.fits period=data/kplr006922244-2010078095331_llc.png bjd0=1.7611695551183704 bindata=False binmethod=median threshold=1.0 niter=5 nbins=1000 rejqual=False plottype=det overwrite=False verbose=False logfile=kepfold.log

ERROR -- KEPFOLD: DETSAP_FLUX column is not populated.Use kepflatten
--------------------------------------------------------------
KEPFOLD --  infile=data/kplr006922244-2010078095331_llc.fits outfile=data/kplr006922244-2010078095331_llc-kepfold.fits period=data/kplr006922244-2010078095331_llc.png bjd0=1.7611695551183704 bindata=False binmethod=median threshold=1.0 niter=5 nbins=1000 rejqual=False plottype=sap overwrite=False verbose=False logfile=kepfold.log

--------------------------------------------------------------
KEPFOLD --  infile=data/kplr006922244-2010078095331_llc.fits outfile=data/kplr006922244-2010078095331_llc-kepfold.fits period=data/kplr006922244-2010078095331_llc.png bjd0=1.7611695551183704 bindata=False binmethod=median threshold=1.0 niter=5 nbins=1000 rejqual=False plottype=sap overwrite=False verbose=False logfile=kepfold.log

--------------------------------------------------------------
KEPFOLD --  infile=data/kplr006922244-2010078095331_llc.fits outfile=data/kplr006922244-2010078095331_llc-kepfold.fits period=data/kplr006922244-2010078095331_llc.png bjd0=1.7611695551183704 bindata=False binmethod=median threshold=1.0 niter=5 nbins=1000 rejqual=False plottype=sap overwrite=False verbose=False logfile=kepfold.log

--------------------------------------------------------------
KEPFOLD --  infile=data/kplr006922244-2010078095331_llc.fits outfile=data/kplr006922244-2010078095331_llc-kepfold.fits period=data/kplr006922244-2010078095331_llc.png bjd0=1.7611695551183704 bindata=False binmethod=median threshold=1.0 niter=5 nbins=1000 rejqual=False plottype=sap overwrite=False verbose=False logfile=kepfold.log

--------------------------------------------------------------
KEPFOLD --  infile=data/kplr006922244-2010078095331_llc.fits outfile=data/kplr006922244-2010078095331_llc-kepfold.fits period=1.7611695551183704 bjd0=353.7670104816196 bindata=False binmethod=median threshold=1.0 niter=5 nbins=1000 rejqual=False plottype=sap overwrite=False verbose=True logfile=kepfold.log

KEPFOLD started at: Thu Oct 12 20:58:42 2017
--------------------------------------------------------------
KEPFOLD --  infile=data/kplr006922244-2010078095331_llc.fits outfile=data/kplr006922244-2010078095331_llc-kepfold.fits period=1.7611695551183704 bjd0=353.7670104816196 bindata=False binmethod=median threshold=1.0 niter=5 nbins=1000 rejqual=False plottype=sap overwrite=False verbose=True logfile=kepfold.log

KEPFOLD started at: Thu Oct 12 20:59:05 2017
Writing output file data/kplr006922244-2010078095331_llc-kepfold.fits...
KEPFOLD ended at: : Thu Oct 12 20:59:05 2017
--------------------------------------------------------------
KEPFOLD --  infile=data/kplr006922244-2010078095331_llc.fits outfile=data/kplr006922244-2010078095331_llc-kepfold.fits period=1.7611695551183704 bjd0=353.7670104816196 bindata=False binmethod=median threshold=1.0 niter=5 nbins=1000 rejqual=False plottype=sap overwrite=False verbose=True logfile=kepfold.log

KEPFOLD started at: Thu Oct 12 21:20:06 2017
ERROR -- KEPFOLD: data/kplr006922244-2010078095331_llc-kepfold.fits exists. Use --overwrite
--------------------------------------------------------------
KEPFOLD --  infile=data/kplr006922244-2010078095331_llc.fits outfile=data/kplr006922244-2010078095331_llc-kepfold.fits period=1.7611695551183704 bjd0=353.7670104816196 bindata=False binmethod=median threshold=1.0 niter=5 nbins=1000 rejqual=False plottype=sap overwrite=True verbose=True logfile=kepfold.log

KEPFOLD started at: Thu Oct 12 21:20:17 2017
Writing output file data/kplr006922244-2010078095331_llc-kepfold.fits...
KEPFOLD ended at: : Thu Oct 12 21:20:18 2017
--------------------------------------------------------------
KEPFOLD --  infile=data/kplr006922244-2010078095331_llc-kepflatten.fits outfile=data/kplr006922244-2010078095331_llc-kepflatten-kepfold.fits period=1.7611695551183704 bjd0=353.7670104816196 bindata=False binmethod=median threshold=1.0 niter=5 nbins=1000 rejqual=False plottype=sap overwrite=True verbose=True logfile=kepfold.log

KEPFOLD started at: Thu Oct 12 21:20:37 2017
Writing output file data/kplr006922244-2010078095331_llc-kepflatten-kepfold.fits...
KEPFOLD ended at: : Thu Oct 12 21:20:37 2017
--------------------------------------------------------------
KEPFOLD --  infile=data/kplr006922244-2010078095331_llc.fits outfile=data/kplr006922244-2010078095331_llc-kepfold.fits period=200 bjd0=3.5 bindata=False binmethod=median threshold=1.0 niter=5 nbins=1000 rejqual=False plottype=det overwrite=False verbose=False logfile=kepfold.log

ERROR -- KEPFOLD: data/kplr006922244-2010078095331_llc-kepfold.fits exists. Use --overwrite
--------------------------------------------------------------
KEPFOLD --  infile=data/kplr006922244-2010078095331_llc.fits outfile=data/kplr006922244-2010078095331_llc-kepfold.fits period=200 bjd0=3.5 bindata=False binmethod=median threshold=1.0 niter=5 nbins=1000 rejqual=False plottype=det overwrite=True verbose=False logfile=kepfold.log

ERROR -- KEPFOLD: DETSAP_FLUX column is not populated.Use kepflatten
--------------------------------------------------------------
KEPFOLD --  infile=data/kplr006922244-2010078095331_llc.fits outfile=data/kplr006922244-2010078095331_llc-kepfold.fits period=200 bjd0=3.5 bindata=False binmethod=median threshold=1.0 niter=5 nbins=1000 rejqual=False plottype=sap overwrite=True verbose=False logfile=kepfold.log

Writing output file data/kplr006922244-2010078095331_llc-kepfold.fits...
--------------------------------------------------------------
KEPFOLD --  infile=data/kplr006922244-2010078095331_llc.fits outfile=data/kplr006922244-2010078095331_llc-kepfold.fits period=200 bjd0=3.5 bindata=False binmethod=median threshold=1.0 niter=5 nbins=1000 rejqual=False plottype=sap overwrite=True verbose=False logfile=kepfold.log

Writing output file data/kplr006922244-2010078095331_llc-kepfold.fits...
Using period and BJD0 from KEPBLS
--------------------------------------------------------------
KEPFOLD --  infile=data/kplr006922244-2010078095331_llc-kepflatten-kepbls.fits outfile=data/kplr006922244-2010078095331_llc-kepflatten-kepbls-kepfold.fits period=3.522071123123169 bjd0=2455186.613633621 bindata=False binmethod=mean threshold=1.0 niter=5 nbins=1000 rejqual=False plottype=det overwrite=False verbose=False logfile=kepfold.log

Writing output file data/kplr006922244-2010078095331_llc-kepflatten-kepbls-kepfold.fits...
ERROR -- KEPFOLD: No period information found. Either specify             period and BJD0 or run KEPBLS.
Using period and BJD0 from KEPBLS
--------------------------------------------------------------
KEPFOLD --  infile=data/kplr006922244-2010078095331_llc-kepflatten-kepbls.fits outfile=data/kplr006922244-2010078095331_llc-kepflatten-kepbls-kepfold.fits period=3.522071123123169 bjd0=2455186.613633621 bindata=False binmethod=mean threshold=1.0 niter=5 nbins=1000 rejqual=False plottype=det overwrite=False verbose=False logfile=kepfold.log

ERROR -- KEPFOLD: data/kplr006922244-2010078095331_llc-kepflatten-kepbls-kepfold.fits exists. Use --overwrite
Using period and BJD0 from KEPBLS
--------------------------------------------------------------
KEPFOLD --  infile=data/kplr006922244-2010078095331_llc-kepflatten-kepbls.fits outfile=data/kplr006922244-2010078095331_llc-kepflatten-kepbls-kepfold.fits period=3.522071123123169 bjd0=2455186.613633621 bindata=False binmethod=mean threshold=1.0 niter=5 nbins=1000 rejqual=False plottype=det overwrite=True verbose=False logfile=kepfold.log

Writing output file data/kplr006922244-2010078095331_llc-kepflatten-kepbls-kepfold.fits...
Using period and BJD0 from KEPBLS
--------------------------------------------------------------
KEPFOLD --  infile=data/kplr006922244-2010078095331_llc-kepflatten-kepbls.fits outfile=data/kplr006922244-2010078095331_llc-kepflatten-kepbls-kepfold.fits period=3.522071123123169 bjd0=2455186.613633621 bindata=False binmethod=mean threshold=1.0 niter=5 nbins=1000 rejqual=False plottype=det overwrite=False verbose=False logfile=kepfold.log

ERROR -- KEPFOLD: data/kplr006922244-2010078095331_llc-kepflatten-kepbls-kepfold.fits exists. Use --overwrite
--------------------------------------------------------------
KEPFOLD --  infile=data/kplr006922244-2010078095331_llc-kepflatten-kepbls.fits outfile=data/kplr006922244-2010078095331_llc-kepflatten-kepbls-kepfold.fits period=1.0 bjd0=100.0 bindata=False binmethod=mean threshold=1.0 niter=5 nbins=1000 rejqual=False plottype=det overwrite=False verbose=False logfile=kepfold.log

ERROR -- KEPFOLD: data/kplr006922244-2010078095331_llc-kepflatten-kepbls-kepfold.fits exists. Use --overwrite
--------------------------------------------------------------
KEPFOLD --  infile=data/kplr006922244-2010078095331_llc-kepflatten-kepbls.fits outfile=data/kplr006922244-2010078095331_llc-kepflatten-kepbls-kepfold.fits period=1.0 bjd0=100.0 bindata=False binmethod=mean threshold=1.0 niter=5 nbins=1000 rejqual=False plottype=det overwrite=True verbose=False logfile=kepfold.log

Writing output file data/kplr006922244-2010078095331_llc-kepflatten-kepbls-kepfold.fits...
Using period and BJD0 from KEPBLS
--------------------------------------------------------------
KEPFOLD --  infile=data/kplr006922244-2010078095331_llc-kepflatten-kepbls.fits outfile=data/kplr006922244-2010078095331_llc-kepflatten-kepbls-kepfold.fits period=3.522071123123169 bjd0=2455186.613633621 bindata=False binmethod=mean threshold=1.0 niter=5 nbins=1000 rejqual=False plottype=det overwrite=False verbose=False logfile=kepfold.log

ERROR -- KEPFOLD: data/kplr006922244-2010078095331_llc-kepflatten-kepbls-kepfold.fits exists. Use --overwrite
Using period and BJD0 from KEPBLS
--------------------------------------------------------------
KEPFOLD --  infile=data/kplr006922244-2010078095331_llc-kepflatten-kepbls.fits outfile=data/kplr006922244-2010078095331_llc-kepflatten-kepbls-kepfold.fits period=3.522071123123169 bjd0=2455186.613633621 bindata=False binmethod=mean threshold=1.0 niter=5 nbins=1000 rejqual=False plottype=det overwrite=True verbose=False logfile=kepfold.log

Writing output file data/kplr006922244-2010078095331_llc-kepflatten-kepbls-kepfold.fits...
--------------------------------------------------------------
KEPFOLD --  infile=data/kplr006922244-2010078095331_llc-kepflatten-kepbls.fits outfile=data/kplr006922244-2010078095331_llc-kepflatten-kepbls-kepfold.fits period=1.0 bjd0=100.0 bindata=False binmethod=mean threshold=1.0 niter=5 nbins=1000 rejqual=False plottype=det overwrite=True verbose=False logfile=kepfold.log

Writing output file data/kplr006922244-2010078095331_llc-kepflatten-kepbls-kepfold.fits...
--------------------------------------------------------------
KEPFOLD --  infile=data/kplr006922244-2010078095331_llc-kepflatten-kepbls.fits outfile=data/kplr006922244-2010078095331_llc-kepflatten-kepbls-kepfold.fits period=1.0 bjd0=100.0 bindata=False binmethod=mean threshold=1.0 niter=5 nbins=1000 rejqual=False plottype=det overwrite=True verbose=False logfile=kepfold.log

Writing output file data/kplr006922244-2010078095331_llc-kepflatten-kepbls-kepfold.fits...
--------------------------------------------------------------
KEPFOLD --  infile=data/kplr006922244-2010078095331_llc-kepflatten-kepbls.fits outfile=data/kplr006922244-2010078095331_llc-kepflatten-kepbls-kepfold.fits period=1.0 bjd0=100.0 bindata=False binmethod=mean threshold=1.0 niter=5 nbins=1000 rejqual=False plottype=det overwrite=True verbose=False logfile=kepfold.log

Writing output file data/kplr006922244-2010078095331_llc-kepflatten-kepbls-kepfold.fits...
--------------------------------------------------------------
KEPFOLD --  infile=data/kplr006922244-2010078095331_llc-kepflatten-kepbls.fits outfile=data/kplr006922244-2010078095331_llc-kepflatten-kepbls-kepfold.fits period=1.0 bjd0=100.0 bindata=False binmethod=mean threshold=1.0 niter=5 nbins=1000 rejqual=False plottype=det overwrite=True verbose=False logfile=kepfold.log

Writing output file data/kplr006922244-2010078095331_llc-kepflatten-kepbls-kepfold.fits...
--------------------------------------------------------------
KEPFOLD --  infile=data/kplr006922244-2010078095331_llc-kepflatten-kepbls.fits outfile=data/kplr006922244-2010078095331_llc-kepflatten-kepbls-kepfold.fits period=1.0 bjd0=100.0 bindata=False binmethod=mean threshold=1.0 niter=5 nbins=1000 rejqual=False plottype=det overwrite=True verbose=False logfile=kepfold.log

Writing output file data/kplr006922244-2010078095331_llc-kepflatten-kepbls-kepfold.fits...
--------------------------------------------------------------
KEPFOLD --  infile=data/kplr006922244-2010078095331_llc-kepflatten-kepbls.fits outfile=data/kplr006922244-2010078095331_llc-kepflatten-kepbls-kepfold.fits period=1.0 bjd0=100.0 bindata=False binmethod=mean threshold=1.0 niter=5 nbins=1000 rejqual=False plottype=det overwrite=True verbose=False logfile=kepfold.log

Writing output file data/kplr006922244-2010078095331_llc-kepflatten-kepbls-kepfold.fits...
--------------------------------------------------------------
KEPFOLD --  infile=data/kplr006922244-2010078095331_llc-kepflatten-kepbls.fits outfile=data/kplr006922244-2010078095331_llc-kepflatten-kepbls-kepfold.fits period=1.0 bjd0=100.0 bindata=False binmethod=mean threshold=1.0 niter=5 nbins=1000 rejqual=False plottype=det overwrite=True verbose=False logfile=kepfold.log

Writing output file data/kplr006922244-2010078095331_llc-kepflatten-kepbls-kepfold.fits...
Using period and BJD0 from KEPBLS
--------------------------------------------------------------
KEPFOLD --  infile=data/kplr006922244-2010078095331_llc-kepflatten-kepbls.fits outfile=data/kplr006922244-2010078095331_llc-kepflatten-kepbls-kepfold.fits period=3.522071123123169 bjd0=2455186.613633621 bindata=False binmethod=mean threshold=1.0 niter=5 nbins=1000 rejqual=False plottype=det overwrite=True verbose=False logfile=kepfold.log

Writing output file data/kplr006922244-2010078095331_llc-kepflatten-kepbls-kepfold.fits...
Using period and BJD0 from KEPBLS
--------------------------------------------------------------
KEPFOLD --  infile=data/kplr006922244-2010078095331_llc-kepflatten-kepbls.fits outfile=data/kplr006922244-2010078095331_llc-kepflatten-kepbls-kepfold.fits period=3.522071123123169 bjd0=2455186.613633621 bindata=False binmethod=mean threshold=1.0 niter=5 nbins=1000 rejqual=False plottype=det overwrite=True verbose=False logfile=kepfold.log

Writing output file data/kplr006922244-2010078095331_llc-kepflatten-kepbls-kepfold.fits...
Using period and BJD0 from KEPBLS
--------------------------------------------------------------
KEPFOLD --  infile=data/kplr006922244-2010078095331_llc-kepflatten-kepbls.fits outfile=data/kplr006922244-2010078095331_llc-kepflatten-kepbls-kepfold.fits period=3.522071123123169 bjd0=2455186.613633621 bindata=False binmethod=mean threshold=1.0 niter=5 nbins=1000 rejqual=False plottype=det overwrite=True verbose=False logfile=kepfold.log

Writing output file data/kplr006922244-2010078095331_llc-kepflatten-kepbls-kepfold.fits...
Using period and BJD0 from KEPBLS
--------------------------------------------------------------
KEPFOLD --  infile=data/kplr006922244-2010078095331_llc-kepflatten-kepbls.fits outfile=data/kplr006922244-2010078095331_llc-kepflatten-kepbls-kepfold.fits period=3.522071123123169 bjd0=2455186.613633621 bindata=False binmethod=mean threshold=1.0 niter=5 nbins=1000 rejqual=False plottype=det overwrite=True verbose=False logfile=kepfold.log

Writing output file data/kplr006922244-2010078095331_llc-kepflatten-kepbls-kepfold.fits...
Using period and BJD0 from KEPBLS
--------------------------------------------------------------
KEPFOLD --  infile=data/kplr006922244-2010078095331_llc-kepflatten-kepbls.fits outfile=data/kplr006922244-2010078095331_llc-kepflatten-kepbls-kepfold.fits period=3.522071123123169 bjd0=2455186.613633621 bindata=False binmethod=mean threshold=1.0 niter=5 nbins=1000 rejqual=False plottype=det overwrite=True verbose=False logfile=kepfold.log

Writing output file data/kplr006922244-2010078095331_llc-kepflatten-kepbls-kepfold.fits...
Using period and BJD0 from KEPBLS
--------------------------------------------------------------
KEPFOLD --  infile=data/kplr006922244-2010078095331_llc-kepflatten-kepbls.fits outfile=data/kplr006922244-2010078095331_llc-kepflatten-kepbls-kepfold.fits period=3.522071123123169 bjd0=2455186.613633621 bindata=False binmethod=mean threshold=1.0 niter=5 nbins=1000 rejqual=False plottype=det overwrite=True verbose=False logfile=kepfold.log

Writing output file data/kplr006922244-2010078095331_llc-kepflatten-kepbls-kepfold.fits...
Using period and BJD0 from KEPBLS
--------------------------------------------------------------
KEPFOLD --  infile=data/kplr006922244-2010078095331_llc-kepflatten-kepbls.fits outfile=data/kplr006922244-2010078095331_llc-kepflatten-kepbls-kepfold.fits period=3.522071123123169 bjd0=2455186.613633621 bindata=False binmethod=mean threshold=1.0 niter=5 nbins=1000 rejqual=False plottype=det overwrite=True verbose=False logfile=kepfold.log

Writing output file data/kplr006922244-2010078095331_llc-kepflatten-kepbls-kepfold.fits...
Using period and BJD0 from KEPBLS
--------------------------------------------------------------
KEPFOLD --  infile=data/kplr006922244-2010078095331_llc-kepflatten-kepbls.fits outfile=data/kplr006922244-2010078095331_llc-kepflatten-kepbls-kepfold.fits period=3.522071123123169 bjd0=2455186.613633621 bindata=False binmethod=mean threshold=1.0 niter=5 nbins=1000 rejqual=False plottype=det overwrite=True verbose=False logfile=kepfold.log

Writing output file data/kplr006922244-2010078095331_llc-kepflatten-kepbls-kepfold.fits...
Using period and BJD0 from KEPBLS
--------------------------------------------------------------
KEPFOLD --  infile=data/kplr006922244-2010078095331_llc-kepflatten-kepbls.fits outfile=data/kplr006922244-2010078095331_llc-kepflatten-kepbls-kepfold.fits period=3.522071123123169 bjd0=2455186.613633621 bindata=False binmethod=mean threshold=1.0 niter=5 nbins=1000 rejqual=False plottype=det overwrite=True verbose=False logfile=kepfold.log

Writing output file data/kplr006922244-2010078095331_llc-kepflatten-kepbls-kepfold.fits...
Using period and BJD0 from KEPBLS
--------------------------------------------------------------
KEPFOLD --  infile=data/kplr006922244-2010078095331_llc-kepflatten-kepbls.fits outfile=data/kplr006922244-2010078095331_llc-kepflatten-kepbls-kepfold.fits period=3.522071123123169 bjd0=2455186.613633621 bindata=False binmethod=mean threshold=1.0 niter=5 nbins=1000 rejqual=False plottype=det overwrite=True verbose=False logfile=kepfold.log

Writing output file data/kplr006922244-2010078095331_llc-kepflatten-kepbls-kepfold.fits...
Using period and BJD0 from KEPBLS
--------------------------------------------------------------
KEPFOLD --  infile=data/kplr006922244-2010078095331_llc-kepflatten-kepbls.fits outfile=data/kplr006922244-2010078095331_llc-kepflatten-kepbls-kepfold.fits period=3.522071123123169 bjd0=2455186.613633621 bindata=False binmethod=mean threshold=1.0 niter=5 nbins=1000 rejqual=False plottype=det overwrite=True verbose=False logfile=kepfold.log

Writing output file data/kplr006922244-2010078095331_llc-kepflatten-kepbls-kepfold.fits...
Using period and BJD0 from KEPBLS
--------------------------------------------------------------
KEPFOLD --  infile=data/kplr006922244-2010078095331_llc-kepflatten-kepbls.fits outfile=data/kplr006922244-2010078095331_llc-kepflatten-kepbls-kepfold.fits period=3.522071123123169 bjd0=2455186.613633621 bindata=False binmethod=mean threshold=1.0 niter=5 nbins=1000 rejqual=False plottype=det overwrite=True verbose=False logfile=kepfold.log

Writing output file data/kplr006922244-2010078095331_llc-kepflatten-kepbls-kepfold.fits...
Using period and BJD0 from KEPBLS
--------------------------------------------------------------
KEPFOLD --  infile=data/kplr006922244-2010078095331_llc-kepflatten-kepbls.fits outfile=data/kplr006922244-2010078095331_llc-kepflatten-kepbls-kepfold.fits period=3.522071123123169 bjd0=2455186.613633621 bindata=False binmethod=mean threshold=1.0 niter=5 nbins=1000 rejqual=False plottype=det overwrite=True verbose=False logfile=kepfold.log

Writing output file data/kplr006922244-2010078095331_llc-kepflatten-kepbls-kepfold.fits...
Using period and BJD0 from KEPBLS
--------------------------------------------------------------
KEPFOLD --  infile=data/kplr006922244-2010078095331_llc-kepflatten-kepbls.fits outfile=data/kplr006922244-2010078095331_llc-kepflatten-kepbls-kepfold.fits period=3.522071123123169 bjd0=2455186.613633621 bindata=False binmethod=mean threshold=1.0 niter=5 nbins=1000 rejqual=False plottype=det overwrite=True verbose=False logfile=kepfold.log

Writing output file data/kplr006922244-2010078095331_llc-kepflatten-kepbls-kepfold.fits...
--------------------------------------------------------------
KEPFOLD --  infile=data/kplr006922244-2010078095331_llc.fits outfile=data/kplr006922244-2010078095331_llc-kepfold.fits period=1.0 bjd0=100.0 bindata=False binmethod=mean threshold=1.0 niter=5 nbins=1000 rejqual=False plottype=det overwrite=True verbose=False logfile=kepfold.log

ERROR -- KEPFOLD: DETSAP_FLUX column is not populated.Use kepflatten
